<?xml version="1.0" encoding="UTF-8"?>
<!-- Generated by org.testng.reporters.JUnitReportReporter -->
<testsuite hostname="LAPTOP-7UOI14JD" failures="0" tests="1" name="pack1.Exampl2" time="5.770" errors="0" timestamp="06 Jul 2022 14:59:00 GMT" skipped="0">
  <testcase classname="pack1.Exampl2" name="test2" time="5.770"/>
</testsuite> <!-- pack1.Exampl2 -->
