<?xml version="1.0" encoding="UTF-8"?>
<!-- Generated by org.testng.reporters.JUnitReportReporter -->
<testsuite hostname="LAPTOP-7UOI14JD" failures="0" tests="1" name="pack1.Exampl2" time="8.853" errors="0" timestamp="08 Jul 2022 15:12:47 GMT" skipped="0">
  <testcase classname="pack1.Exampl2" name="test2" time="8.853"/>
</testsuite> <!-- pack1.Exampl2 -->
